<?xml version="1.0" encoding="UTF-8"?>
<!-- Generated by org.testng.reporters.JUnitReportReporter -->
<testsuite hostname="SIDDHARTH-D" failures="0" tests="5" name="testCases.TC_003_LoginDDT" time="32.399" errors="0" timestamp="2024-05-16T16:11:24 IST" skipped="0">
  <testcase classname="testCases.TC_003_LoginDDT" name="verifyLoginDDT" time="10.318"/>
  <testcase classname="testCases.TC_003_LoginDDT" name="verifyLoginDDT" time="0.788"/>
  <testcase classname="testCases.TC_003_LoginDDT" name="verifyLoginDDT" time="10.236"/>
  <testcase classname="testCases.TC_003_LoginDDT" name="verifyLoginDDT" time="10.317"/>
  <testcase classname="testCases.TC_003_LoginDDT" name="verifyLoginDDT" time="0.740"/>
</testsuite> <!-- testCases.TC_003_LoginDDT -->
