<?xml version="1.0" encoding="UTF-8"?>
<!-- Generated by org.testng.reporters.JUnitReportReporter -->
<testsuite hostname="SIDDHARTH-D" failures="0" tests="5" name="testCases.TC_003_LoginDDT" time="32.523" errors="0" timestamp="2024-05-17T13:53:43 IST" skipped="0">
  <testcase classname="testCases.TC_003_LoginDDT" name="verifyLoginDDT" time="10.308"/>
  <testcase classname="testCases.TC_003_LoginDDT" name="verifyLoginDDT" time="0.827"/>
  <testcase classname="testCases.TC_003_LoginDDT" name="verifyLoginDDT" time="10.311"/>
  <testcase classname="testCases.TC_003_LoginDDT" name="verifyLoginDDT" time="0.760"/>
  <testcase classname="testCases.TC_003_LoginDDT" name="verifyLoginDDT" time="10.317"/>
</testsuite> <!-- testCases.TC_003_LoginDDT -->
